Unsupposrted library path: D:\NetheriteRoad\build\classes\java\api
Unsupposrted library path: D:\NetheriteRoad\build\resources\api
Symbol range map extraction starting
Processing 46 files
startProcessing "com/groupzts/netheriteroad/NetheriteRoad.java" md5: 843ee9def31295c644affbd669ff119a
endProcessing "com/groupzts/netheriteroad/NetheriteRoad.java"

startProcessing "com/groupzts/netheriteroad/blocks/BlockBase.java" md5: 894ddc367e9c07579e78d429b1fb0798
endProcessing "com/groupzts/netheriteroad/blocks/BlockBase.java"

startProcessing "com/groupzts/netheriteroad/blocks/BlockItemBase.java" md5: 9fc772733f85967cfd3afb5a45589604
endProcessing "com/groupzts/netheriteroad/blocks/BlockItemBase.java"

startProcessing "com/groupzts/netheriteroad/blocks/common/AncientDebris.java" md5: ba5fb54f9ffdf629d9b4feffa0f7f301
endProcessing "com/groupzts/netheriteroad/blocks/common/AncientDebris.java"

startProcessing "com/groupzts/netheriteroad/blocks/common/BlockMoltenAncient.java" md5: 82ffdac0fc9c7bfcb365d2158b8d1ce1
endProcessing "com/groupzts/netheriteroad/blocks/common/BlockMoltenAncient.java"

startProcessing "com/groupzts/netheriteroad/blocks/common/BlockMoltenNetherite.java" md5: cf8b1b2a611b6e5061f4f2c76762f052
endProcessing "com/groupzts/netheriteroad/blocks/common/BlockMoltenNetherite.java"

startProcessing "com/groupzts/netheriteroad/blocks/common/NetheriteBlock.java" md5: 2f20423cd2b31e51c03319d6ed90403e
endProcessing "com/groupzts/netheriteroad/blocks/common/NetheriteBlock.java"

startProcessing "com/groupzts/netheriteroad/blocks/common/SmithingTable.java" md5: 32c4c78888fbe609addbcba4311daf4c
endProcessing "com/groupzts/netheriteroad/blocks/common/SmithingTable.java"

startProcessing "com/groupzts/netheriteroad/client/gui/GuiSmithing.java" md5: 476999cafe0fc968bb754e70617be196
endProcessing "com/groupzts/netheriteroad/client/gui/GuiSmithing.java"

startProcessing "com/groupzts/netheriteroad/common/container/ContainerSmithing.java" md5: 9a450f1a83f3ed7bd1bd998c7fb332fc
endProcessing "com/groupzts/netheriteroad/common/container/ContainerSmithing.java"

startProcessing "com/groupzts/netheriteroad/compat/jei/NetheriteRoadJEIPlugin.java" md5: bed62d306b374c9aaf614160db7a376e
endProcessing "com/groupzts/netheriteroad/compat/jei/NetheriteRoadJEIPlugin.java"

startProcessing "com/groupzts/netheriteroad/compat/jei/catgory/SmithingCategory.java" md5: fdb4d74f7c163ec6fd4d9e579b9375ec
endProcessing "com/groupzts/netheriteroad/compat/jei/catgory/SmithingCategory.java"

startProcessing "com/groupzts/netheriteroad/compat/jei/recipe/Recipe.java" md5: 29f401e6b60551940644bbfe7115d589
endProcessing "com/groupzts/netheriteroad/compat/jei/recipe/Recipe.java"

startProcessing "com/groupzts/netheriteroad/compat/jei/recipe/SmithingFactory.java" md5: 34706d9dc8906bc441a23e035652cfdc
endProcessing "com/groupzts/netheriteroad/compat/jei/recipe/SmithingFactory.java"

startProcessing "com/groupzts/netheriteroad/compat/jei/recipe/SmithingRecipe.java" md5: a046a6abcdc06ea8b18ecdee5a9204ed
endProcessing "com/groupzts/netheriteroad/compat/jei/recipe/SmithingRecipe.java"

startProcessing "com/groupzts/netheriteroad/compat/jei/recipe/SmithingRecipes.java" md5: f51a9fff02b387ef8f2b09be57d1d548
endProcessing "com/groupzts/netheriteroad/compat/jei/recipe/SmithingRecipes.java"

startProcessing "com/groupzts/netheriteroad/compat/jei/wrapper/SmithingWrapper.java" md5: d6b659ad397d75f096e20022248e26a1
endProcessing "com/groupzts/netheriteroad/compat/jei/wrapper/SmithingWrapper.java"

startProcessing "com/groupzts/netheriteroad/compat/tinkers/RegistryEvent.java" md5: 23c13b6fe14ea1bb7bce5cfdb22fd238
endProcessing "com/groupzts/netheriteroad/compat/tinkers/RegistryEvent.java"

startProcessing "com/groupzts/netheriteroad/compat/tinkers/SuperFortified.java" md5: a55338d0890f9bf32a3bb05a632c655d
endProcessing "com/groupzts/netheriteroad/compat/tinkers/SuperFortified.java"

startProcessing "com/groupzts/netheriteroad/compat/tinkers/TiCConfig.java" md5: 2915053c978842e131ee1fc43a262beb
endProcessing "com/groupzts/netheriteroad/compat/tinkers/TiCConfig.java"

startProcessing "com/groupzts/netheriteroad/compat/tinkers/TiCRegister.java" md5: 30eaebd3d6014ae4a30243d6fe7f327e
endProcessing "com/groupzts/netheriteroad/compat/tinkers/TiCRegister.java"

startProcessing "com/groupzts/netheriteroad/event/WorldOreGen.java" md5: d6165aaadff10bc858782693f650d363
endProcessing "com/groupzts/netheriteroad/event/WorldOreGen.java"

startProcessing "com/groupzts/netheriteroad/fluid/FluidMoltenNetherite.java" md5: 852e19737e29ee78ba28f861eee61a54
endProcessing "com/groupzts/netheriteroad/fluid/FluidMoltenNetherite.java"

startProcessing "com/groupzts/netheriteroad/fluid/MoltenAncientDebris.java" md5: 4aeea5621ab1c1017cab84c6d20a1fbd
endProcessing "com/groupzts/netheriteroad/fluid/MoltenAncientDebris.java"

startProcessing "com/groupzts/netheriteroad/init/ModBlocks.java" md5: e5b8a870edbf7f4bd07ca049a581b1fc
endProcessing "com/groupzts/netheriteroad/init/ModBlocks.java"

startProcessing "com/groupzts/netheriteroad/init/ModItems.java" md5: fa9f52d38e57560bb12e773964fd48ca
endProcessing "com/groupzts/netheriteroad/init/ModItems.java"

startProcessing "com/groupzts/netheriteroad/init/ModSounds.java" md5: 3738149917ab07d2a68d225afb876f29
endProcessing "com/groupzts/netheriteroad/init/ModSounds.java"

startProcessing "com/groupzts/netheriteroad/items/base/CommonItemBase.java" md5: d650c427dd5dfaaca386818d2bc557ac
endProcessing "com/groupzts/netheriteroad/items/base/CommonItemBase.java"

startProcessing "com/groupzts/netheriteroad/items/base/FireImmune.java" md5: adf5008eebcdbd4940ad003c6d47bf3e
endProcessing "com/groupzts/netheriteroad/items/base/FireImmune.java"

startProcessing "com/groupzts/netheriteroad/items/base/FireImmuneItemBase.java" md5: a2b196a7ba57fbb31c1d2f3ff01cfc19
endProcessing "com/groupzts/netheriteroad/items/base/FireImmuneItemBase.java"

startProcessing "com/groupzts/netheriteroad/items/base/armorbase/ArmorBase.java" md5: 9b15b69032bf71ed9aa2d7e4503242c7
endProcessing "com/groupzts/netheriteroad/items/base/armorbase/ArmorBase.java"

startProcessing "com/groupzts/netheriteroad/items/base/toolbase/AxeBase.java" md5: 0d0a71cc3d3a629636d6b8018e4a137c
endProcessing "com/groupzts/netheriteroad/items/base/toolbase/AxeBase.java"

startProcessing "com/groupzts/netheriteroad/items/base/toolbase/HoeBase.java" md5: 7c0780ac8fb080533a7f69124149ea76
endProcessing "com/groupzts/netheriteroad/items/base/toolbase/HoeBase.java"

startProcessing "com/groupzts/netheriteroad/items/base/toolbase/PickaxeBase.java" md5: e435b4aa7c894d52b846db7d4c405a4c
endProcessing "com/groupzts/netheriteroad/items/base/toolbase/PickaxeBase.java"

startProcessing "com/groupzts/netheriteroad/items/base/toolbase/ShovelBase.java" md5: 87050b2112f28a958edbbfc704fc4b70
endProcessing "com/groupzts/netheriteroad/items/base/toolbase/ShovelBase.java"

startProcessing "com/groupzts/netheriteroad/items/base/toolbase/SwordBase.java" md5: eefc29f3c1f4ab995de5994c6a32e5a5
endProcessing "com/groupzts/netheriteroad/items/base/toolbase/SwordBase.java"

startProcessing "com/groupzts/netheriteroad/proxy/ClientProxy.java" md5: 509ca570b49e78cdbbadb588c0a91123
endProcessing "com/groupzts/netheriteroad/proxy/ClientProxy.java"

startProcessing "com/groupzts/netheriteroad/proxy/ServerProxy.java" md5: 776f75ac16ae573b6d2b5bc8745492ee
endProcessing "com/groupzts/netheriteroad/proxy/ServerProxy.java"

startProcessing "com/groupzts/netheriteroad/utils/IHasModel.java" md5: 9d069b7b570d757940f2e1a27bb60aa8
endProcessing "com/groupzts/netheriteroad/utils/IHasModel.java"

startProcessing "com/groupzts/netheriteroad/utils/ItemOreRegister.java" md5: 67ee4ccdd6d7679afcc3b77b9f5d64ed
endProcessing "com/groupzts/netheriteroad/utils/ItemOreRegister.java"

startProcessing "com/groupzts/netheriteroad/utils/Log.java" md5: f5d0c49ddca91fd4b8ab563613617952
endProcessing "com/groupzts/netheriteroad/utils/Log.java"

startProcessing "com/groupzts/netheriteroad/utils/ModMaterials.java" md5: bb2559581fd60395a7d86644456205fd
endProcessing "com/groupzts/netheriteroad/utils/ModMaterials.java"

startProcessing "com/groupzts/netheriteroad/utils/Reference.java" md5: 81d425d90342eed68f42bb948a550750
endProcessing "com/groupzts/netheriteroad/utils/Reference.java"

startProcessing "com/groupzts/netheriteroad/utils/handlers/GuiHandler.java" md5: 284a7dca9274672e4c2003da2dd635ea
endProcessing "com/groupzts/netheriteroad/utils/handlers/GuiHandler.java"

startProcessing "com/groupzts/netheriteroad/utils/handlers/RegistryHandler.java" md5: ca557e0725f396072a04dd8bd772cdf0
endProcessing "com/groupzts/netheriteroad/utils/handlers/RegistryHandler.java"

startProcessing "com/groupzts/netheriteroad/utils/handlers/TileEntityHandler.java" md5: dd905b964b02cc6b233b952377149e88
endProcessing "com/groupzts/netheriteroad/utils/handlers/TileEntityHandler.java"

